2025-01-17 13:01:11.753 | INFO     | utils.utils_logger:<module>:38 - Logging to file: logs\project_log.log
2025-01-17 13:01:11.755 | INFO     | __main__:main:106 - START producer...
2025-01-17 13:01:11.756 | INFO     | __main__:main:107 - Hit CTRL c (or CMD c) to close.
2025-01-17 13:01:11.756 | INFO     | __main__:get_message_interval:53 - Messages will be sent every 3 seconds.
2025-01-17 13:01:11.757 | INFO     | __main__:main:114 - I just shared an app! It was weird.
2025-01-17 13:01:14.759 | INFO     | __main__:main:114 - I just shared a trick! It was weird.
2025-01-17 13:01:17.761 | INFO     | __main__:main:114 - I just saw a movie! It was funny.
2025-01-17 13:01:20.765 | INFO     | __main__:main:114 - I just tried a story! It was amazing.
2025-01-17 13:01:23.766 | INFO     | __main__:main:114 - I just tried a trick! It was weird.
2025-01-17 13:01:26.767 | INFO     | __main__:main:114 - I just tried a story! It was funny.
2025-01-17 13:01:29.769 | INFO     | __main__:main:114 - I just saw a story! It was amazing.
2025-01-17 13:01:32.770 | INFO     | __main__:main:114 - I just shared a movie! It was funny.
2025-01-17 13:01:35.772 | INFO     | __main__:main:114 - I just saw a movie! It was funny.
2025-01-17 13:01:38.773 | INFO     | __main__:main:114 - I just saw a trick! It was exciting.
2025-01-17 13:01:41.777 | INFO     | __main__:main:114 - I just tried a story! It was weird.
2025-01-17 13:01:44.779 | INFO     | __main__:main:114 - I just saw a movie! It was funny.
2025-01-17 13:01:47.782 | INFO     | __main__:main:114 - I just tried a trick! It was amazing.
2025-01-17 13:01:50.784 | INFO     | __main__:main:114 - I just tried a meme! It was boring.
2025-01-17 13:01:53.785 | INFO     | __main__:main:114 - I just shared a trick! It was exciting.
2025-01-17 13:01:56.787 | INFO     | __main__:main:114 - I just found a movie! It was weird.
2025-01-17 13:01:59.788 | INFO     | __main__:main:114 - I just loved a movie! It was funny.
2025-01-17 13:02:02.790 | INFO     | __main__:main:114 - I just loved a story! It was boring.
2025-01-17 13:02:05.792 | INFO     | __main__:main:114 - I just tried a meme! It was funny.
2025-01-17 13:02:08.794 | INFO     | __main__:main:114 - I just saw an app! It was funny.
2025-01-17 13:02:11.796 | INFO     | __main__:main:114 - I just tried a meme! It was funny.
2025-01-17 13:02:14.798 | INFO     | __main__:main:114 - I just saw a meme! It was exciting.
2025-01-17 13:02:17.800 | INFO     | __main__:main:114 - I just saw a movie! It was weird.
2025-01-17 13:02:20.802 | INFO     | __main__:main:114 - I just found an app! It was funny.
2025-01-17 13:02:23.805 | INFO     | __main__:main:114 - I just found an app! It was amazing.
2025-01-17 13:02:26.807 | INFO     | __main__:main:114 - I just shared a trick! It was funny.
2025-01-17 13:02:29.809 | INFO     | __main__:main:114 - I just saw a trick! It was amazing.
2025-01-17 13:02:32.810 | INFO     | __main__:main:114 - I just saw a movie! It was amazing.
2025-01-17 13:02:35.812 | INFO     | __main__:main:114 - I just saw a trick! It was funny.
2025-01-17 13:02:38.814 | INFO     | __main__:main:114 - I just shared a movie! It was funny.
2025-01-17 13:02:41.816 | INFO     | __main__:main:114 - I just saw a story! It was funny.
2025-01-17 13:02:44.818 | INFO     | __main__:main:114 - I just found a movie! It was exciting.
2025-01-17 13:02:47.820 | INFO     | __main__:main:114 - I just loved a movie! It was boring.
2025-01-17 13:02:50.822 | INFO     | __main__:main:114 - I just loved an app! It was boring.
2025-01-17 13:02:53.823 | INFO     | __main__:main:114 - I just found an app! It was funny.
2025-01-17 13:02:56.824 | INFO     | __main__:main:114 - I just tried a story! It was weird.
2025-01-17 13:02:59.826 | INFO     | __main__:main:114 - I just found a movie! It was boring.
2025-01-17 13:03:02.827 | INFO     | __main__:main:114 - I just found an app! It was amazing.
2025-01-17 13:03:05.829 | INFO     | __main__:main:114 - I just tried a story! It was boring.
2025-01-17 13:03:08.831 | INFO     | __main__:main:114 - I just loved a story! It was boring.
2025-01-17 13:03:11.832 | INFO     | __main__:main:114 - I just found a movie! It was amazing.
2025-01-17 13:03:14.834 | INFO     | __main__:main:114 - I just shared a movie! It was weird.
2025-01-17 13:03:17.836 | INFO     | __main__:main:114 - I just tried a meme! It was weird.
2025-01-17 13:03:20.838 | INFO     | __main__:main:114 - I just loved a trick! It was boring.
2025-01-17 13:03:23.840 | INFO     | __main__:main:114 - I just found an app! It was weird.
2025-01-17 13:03:26.844 | INFO     | __main__:main:114 - I just shared a meme! It was exciting.
2025-01-17 13:03:29.846 | INFO     | __main__:main:114 - I just shared a story! It was exciting.
2025-01-17 13:03:32.848 | INFO     | __main__:main:114 - I just found a movie! It was amazing.
2025-01-17 13:03:35.850 | INFO     | __main__:main:114 - I just tried a movie! It was weird.
2025-01-17 13:03:38.851 | INFO     | __main__:main:114 - I just tried an app! It was funny.
2025-01-17 13:03:41.852 | INFO     | __main__:main:114 - I just saw an app! It was boring.
2025-01-17 13:03:44.853 | INFO     | __main__:main:114 - I just saw a meme! It was weird.
2025-01-17 13:03:47.855 | INFO     | __main__:main:114 - I just shared a movie! It was exciting.
2025-01-17 13:03:50.856 | INFO     | __main__:main:114 - I just shared a meme! It was weird.
2025-01-17 13:03:53.858 | INFO     | __main__:main:114 - I just shared a trick! It was boring.
2025-01-17 13:03:56.861 | INFO     | __main__:main:114 - I just loved an app! It was weird.
2025-01-17 13:03:59.862 | INFO     | __main__:main:114 - I just tried a story! It was weird.
2025-01-17 13:04:02.864 | INFO     | __main__:main:114 - I just tried a movie! It was exciting.
2025-01-17 13:04:05.852 | INFO     | utils.utils_logger:<module>:38 - Logging to file: logs\project_log.log
2025-01-17 13:04:05.853 | INFO     | __main__:main:68 - START...
2025-01-17 13:04:05.853 | INFO     | __main__:main:74 - Reading file located at logs\project_log.log.
2025-01-17 13:04:05.866 | INFO     | __main__:main:114 - I just saw a story! It was weird.
2025-01-17 13:04:08.867 | INFO     | __main__:main:114 - I just loved a story! It was exciting.
2025-01-17 13:04:11.869 | INFO     | __main__:main:114 - I just shared a story! It was weird.
2025-01-17 13:04:14.870 | INFO     | __main__:main:114 - I just found a story! It was funny.
2025-01-17 13:04:17.872 | INFO     | __main__:main:114 - I just loved a movie! It was amazing.
2025-01-17 13:04:20.875 | INFO     | __main__:main:114 - I just found a trick! It was exciting.
2025-01-17 13:04:23.877 | INFO     | __main__:main:114 - I just saw a trick! It was boring.
2025-01-17 13:04:26.878 | INFO     | __main__:main:114 - I just found a story! It was funny.
2025-01-17 13:04:29.880 | INFO     | __main__:main:114 - I just saw a trick! It was weird.
2025-01-17 13:04:32.882 | INFO     | __main__:main:114 - I just shared an app! It was weird.
2025-01-17 13:04:35.884 | INFO     | __main__:main:114 - I just loved a meme! It was amazing.
2025-01-17 13:04:38.885 | INFO     | __main__:main:114 - I just found a movie! It was weird.
2025-01-17 13:04:41.887 | INFO     | __main__:main:114 - I just loved a trick! It was funny.
2025-01-17 13:04:44.889 | INFO     | __main__:main:114 - I just shared a meme! It was exciting.
2025-01-17 13:04:47.891 | INFO     | __main__:main:114 - I just loved a trick! It was funny.
2025-01-17 13:04:50.892 | INFO     | __main__:main:114 - I just tried a movie! It was weird.
2025-01-17 13:04:53.894 | INFO     | __main__:main:114 - I just loved a story! It was weird.
2025-01-17 13:04:56.897 | INFO     | __main__:main:114 - I just found a movie! It was funny.
2025-01-17 13:04:59.898 | INFO     | __main__:main:114 - I just loved a meme! It was weird.
2025-01-17 13:05:02.899 | INFO     | __main__:main:114 - I just found a trick! It was boring.
2025-01-17 13:05:05.902 | INFO     | __main__:main:114 - I just saw a meme! It was weird.
2025-01-17 13:05:08.903 | INFO     | __main__:main:114 - I just shared a story! It was weird.
2025-01-17 13:05:11.906 | INFO     | __main__:main:114 - I just loved a movie! It was amazing.
2025-01-17 13:05:14.907 | INFO     | __main__:main:114 - I just loved a meme! It was weird.
2025-01-17 17:12:22.953 | INFO     | utils.utils_logger:<module>:38 - Logging to file: logs\project_log.log
2025-01-17 17:13:47.096 | INFO     | utils.utils_logger:<module>:38 - Logging to file: logs\project_log.log
2025-01-17 17:14:58.381 | INFO     | utils.utils_logger:<module>:38 - Logging to file: logs\project_log.log
2025-01-17 17:14:58.381 | INFO     | __main__:main:106 - START producer...
2025-01-17 17:14:58.383 | INFO     | __main__:main:107 - Hit CTRL c (or CMD c) to close.
2025-01-17 17:14:58.383 | INFO     | __main__:get_message_interval:53 - Messages will be sent every 3 seconds.
2025-01-17 17:14:58.384 | INFO     | __main__:main:114 - I just shared a story! It was scary.
2025-01-17 17:15:01.385 | INFO     | __main__:main:114 - I just cook a game! It was amazing.
2025-01-17 17:15:04.387 | INFO     | __main__:main:114 - I just listen a story! It was weird.
2025-01-17 17:15:07.388 | INFO     | __main__:main:114 - I just listen a meme! It was weird.
2025-01-17 17:15:10.391 | INFO     | __main__:main:114 - I just loved a trick! It was crazy.
2025-01-17 17:15:13.392 | INFO     | __main__:main:114 - I just listen a story! It was scary.
2025-01-17 17:15:16.394 | INFO     | __main__:main:114 - I just saw a trick! It was boring.
2025-01-17 17:15:19.397 | INFO     | __main__:main:114 - I just shared a movie! It was funny.
2025-01-17 17:15:22.399 | INFO     | __main__:main:114 - I just tried a movie! It was boring.
2025-01-17 17:15:25.401 | INFO     | __main__:main:114 - I just tried a meme! It was crazy.
2025-01-17 17:15:28.404 | INFO     | __main__:main:114 - I just listen a game! It was exciting.
2025-01-17 17:15:31.406 | INFO     | __main__:main:114 - I just loved a sport! It was exciting.
2025-01-17 17:15:34.408 | INFO     | __main__:main:114 - I just cook an app! It was scary.
2025-01-17 17:15:37.410 | INFO     | __main__:main:114 - I just listen a sport! It was crazy.
2025-01-17 17:15:40.411 | INFO     | __main__:main:114 - I just saw a game! It was crazy.
2025-01-17 17:15:42.570 | INFO     | utils.utils_logger:<module>:38 - Logging to file: logs\project_log.log
2025-01-17 17:15:42.571 | INFO     | __main__:main:74 - START...
2025-01-17 17:15:42.572 | INFO     | __main__:main:80 - Reading file located at logs\project_log.log.
2025-01-17 17:15:43.413 | INFO     | __main__:main:114 - I just listen a sport! It was weird.
2025-01-17 17:15:46.415 | INFO     | __main__:main:114 - I just cook a movie! It was exciting.
2025-01-17 17:15:49.417 | INFO     | __main__:main:114 - I just saw a game! It was amazing.
2025-01-17 17:15:52.418 | INFO     | __main__:main:114 - I just listen a game! It was boring.
2025-01-17 17:15:55.421 | INFO     | __main__:main:114 - I just loved a sport! It was amazing.
2025-01-17 17:15:58.422 | INFO     | __main__:main:114 - I just laugh a story! It was crazy.
2025-01-17 17:16:01.432 | INFO     | __main__:main:114 - I just cook a meme! It was scary.
2025-01-17 17:16:04.435 | INFO     | __main__:main:114 - I just loved a trick! It was boring.
2025-01-17 17:16:07.436 | INFO     | __main__:main:114 - I just shared an app! It was funny.
2025-01-17 17:16:10.438 | INFO     | __main__:main:114 - I just loved a meme! It was funny.
2025-01-17 17:16:13.440 | INFO     | __main__:main:114 - I just found a trick! It was funny.
2025-01-17 17:16:16.442 | INFO     | __main__:main:114 - I just saw an app! It was boring.
2025-01-17 17:16:19.443 | INFO     | __main__:main:114 - I just laugh a sport! It was amazing.
2025-01-17 17:16:22.445 | INFO     | __main__:main:114 - I just found a trick! It was amazing.
2025-01-17 17:16:25.446 | INFO     | __main__:main:114 - I just tried a story! It was scary.
2025-01-17 17:16:28.447 | INFO     | __main__:main:114 - I just found a story! It was boring.
2025-01-17 17:16:31.449 | INFO     | __main__:main:114 - I just tried a plan! It was scary.
2025-01-17 17:16:34.450 | INFO     | __main__:main:114 - I just loved a plan! It was amazing.
2025-01-17 17:16:37.452 | INFO     | __main__:main:114 - I just saw a story! It was boring.
2025-01-17 17:16:40.454 | INFO     | __main__:main:114 - I just cook a plan! It was boring.
2025-01-17 17:16:43.456 | INFO     | __main__:main:114 - I just shared a meme! It was weird.
2025-01-17 17:16:46.458 | INFO     | __main__:main:114 - I just laugh a story! It was scary.
2025-01-17 17:16:49.459 | INFO     | __main__:main:114 - I just tried a plan! It was boring.
2025-01-17 17:16:52.461 | INFO     | __main__:main:114 - I just laugh a movie! It was crazy.
2025-01-17 17:16:55.462 | INFO     | __main__:main:114 - I just listen a sport! It was exciting.
2025-01-17 17:16:58.464 | INFO     | __main__:main:114 - I just shared a meme! It was boring.
2025-01-17 17:17:01.466 | INFO     | __main__:main:114 - I just saw an app! It was funny.
2025-01-17 17:17:04.467 | INFO     | __main__:main:114 - I just listen a story! It was amazing.
2025-01-17 17:17:07.469 | INFO     | __main__:main:114 - I just loved a sport! It was amazing.
2025-01-17 17:17:10.471 | INFO     | __main__:main:114 - I just shared a story! It was boring.
2025-01-17 17:17:13.474 | INFO     | __main__:main:114 - I just saw a game! It was crazy.
2025-01-17 17:17:16.476 | INFO     | __main__:main:114 - I just laugh a movie! It was amazing.
2025-01-17 17:17:19.477 | INFO     | __main__:main:114 - I just cook a sport! It was crazy.
2025-01-17 17:17:22.479 | INFO     | __main__:main:114 - I just loved a plan! It was boring.
2025-01-17 17:17:25.480 | INFO     | __main__:main:114 - I just loved a story! It was exciting.
2025-01-17 17:17:28.484 | INFO     | __main__:main:114 - I just found a sport! It was crazy.
2025-01-17 17:17:31.485 | INFO     | __main__:main:114 - I just found a plan! It was scary.
2025-01-17 17:17:34.487 | INFO     | __main__:main:114 - I just shared an app! It was boring.
2025-01-17 17:17:37.488 | INFO     | __main__:main:114 - I just listen a meme! It was scary.
2025-01-17 17:17:40.513 | INFO     | __main__:main:114 - I just found a story! It was crazy.
2025-01-17 17:17:43.518 | INFO     | __main__:main:114 - I just loved a trick! It was amazing.
2025-01-17 17:17:46.519 | INFO     | __main__:main:114 - I just listen a trick! It was exciting.
2025-01-17 17:17:49.521 | INFO     | __main__:main:114 - I just cook an app! It was exciting.
2025-01-17 17:17:52.523 | INFO     | __main__:main:114 - I just found a game! It was weird.
2025-01-17 17:17:55.524 | INFO     | __main__:main:114 - I just tried an app! It was weird.
2025-01-17 17:17:58.525 | INFO     | __main__:main:114 - I just laugh an app! It was scary.
2025-01-17 17:18:01.527 | INFO     | __main__:main:114 - I just listen a game! It was funny.
2025-01-17 17:18:04.528 | INFO     | __main__:main:114 - I just found a trick! It was weird.
2025-01-17 17:18:07.530 | INFO     | __main__:main:114 - I just cook a game! It was exciting.
2025-01-17 17:18:10.531 | INFO     | __main__:main:114 - I just loved a sport! It was funny.
2025-01-17 17:18:13.533 | INFO     | __main__:main:114 - I just cook a game! It was crazy.
2025-01-17 17:18:16.535 | INFO     | __main__:main:114 - I just listen a movie! It was weird.
2025-01-17 17:18:19.537 | INFO     | __main__:main:114 - I just listen an app! It was boring.
2025-01-17 17:18:22.539 | INFO     | __main__:main:114 - I just shared a trick! It was scary.
2025-01-17 17:18:25.541 | INFO     | __main__:main:114 - I just saw a trick! It was weird.
2025-01-17 17:18:28.543 | INFO     | __main__:main:114 - I just loved an app! It was weird.
2025-01-17 17:18:31.545 | INFO     | __main__:main:114 - I just saw a story! It was amazing.
2025-01-17 17:18:34.547 | INFO     | __main__:main:114 - I just found an app! It was amazing.
2025-01-17 17:18:37.549 | INFO     | __main__:main:114 - I just tried an app! It was boring.
2025-01-17 17:18:40.551 | INFO     | __main__:main:114 - I just cook a story! It was boring.
2025-01-17 17:18:43.553 | INFO     | __main__:main:114 - I just laugh a plan! It was boring.
2025-01-17 17:18:46.555 | INFO     | __main__:main:114 - I just listen an app! It was exciting.
2025-01-17 17:18:49.557 | INFO     | __main__:main:114 - I just cook a trick! It was funny.
2025-01-17 17:18:52.559 | INFO     | __main__:main:114 - I just found a story! It was scary.
2025-01-17 17:18:55.561 | INFO     | __main__:main:114 - I just tried a meme! It was funny.
2025-01-17 17:18:58.563 | INFO     | __main__:main:114 - I just cook a sport! It was boring.
2025-01-17 17:19:00.423 | INFO     | __main__:main:91 - END.....
2025-01-17 17:19:01.565 | INFO     | __main__:main:114 - I just laugh a trick! It was boring.
2025-01-17 17:19:04.566 | INFO     | __main__:main:114 - I just cook a meme! It was exciting.
2025-01-17 17:19:07.568 | INFO     | __main__:main:114 - I just tried a game! It was scary.
2025-01-17 17:19:10.569 | INFO     | __main__:main:114 - I just found a sport! It was crazy.
2025-01-17 17:19:13.570 | INFO     | __main__:main:114 - I just tried a movie! It was amazing.
2025-01-17 17:19:16.572 | INFO     | __main__:main:114 - I just saw a meme! It was exciting.
2025-01-17 17:19:19.574 | INFO     | __main__:main:114 - I just tried a story! It was funny.
2025-01-17 17:19:22.575 | INFO     | __main__:main:114 - I just listen an app! It was amazing.
2025-01-17 17:19:25.577 | INFO     | __main__:main:114 - I just cook a meme! It was funny.
2025-01-17 17:19:28.578 | INFO     | __main__:main:114 - I just listen a movie! It was crazy.
2025-01-17 17:19:31.580 | INFO     | __main__:main:114 - I just laugh a meme! It was crazy.
2025-01-17 17:19:34.582 | INFO     | __main__:main:114 - I just saw a story! It was exciting.
2025-01-17 17:19:37.583 | INFO     | __main__:main:114 - I just laugh a plan! It was crazy.
2025-01-17 17:19:40.585 | INFO     | __main__:main:114 - I just listen an app! It was weird.
2025-01-17 17:19:43.587 | INFO     | __main__:main:114 - I just shared a plan! It was weird.
2025-01-17 17:19:46.588 | INFO     | __main__:main:114 - I just loved a meme! It was scary.
2025-01-17 17:19:49.590 | INFO     | __main__:main:114 - I just loved a plan! It was amazing.
2025-01-17 17:19:52.591 | INFO     | __main__:main:114 - I just saw a meme! It was crazy.
2025-01-17 17:19:55.592 | INFO     | __main__:main:114 - I just laugh a sport! It was weird.
2025-01-17 17:19:58.593 | INFO     | __main__:main:114 - I just listen a sport! It was crazy.
2025-01-17 17:20:01.595 | INFO     | __main__:main:114 - I just cook a game! It was exciting.
2025-01-17 17:20:04.596 | INFO     | __main__:main:114 - I just found a sport! It was crazy.
2025-01-17 17:20:07.597 | INFO     | __main__:main:114 - I just saw a sport! It was weird.
2025-01-17 17:20:10.598 | INFO     | __main__:main:114 - I just found a trick! It was amazing.
2025-01-17 17:20:13.600 | INFO     | __main__:main:114 - I just listen a trick! It was crazy.
2025-01-17 17:20:16.602 | INFO     | __main__:main:114 - I just listen an app! It was exciting.
2025-01-17 17:20:19.604 | INFO     | __main__:main:114 - I just loved a sport! It was exciting.
2025-01-17 17:20:22.606 | INFO     | __main__:main:114 - I just listen a movie! It was crazy.
2025-01-17 17:20:25.607 | INFO     | __main__:main:114 - I just found a game! It was scary.
2025-01-17 17:20:28.608 | INFO     | __main__:main:114 - I just found a sport! It was scary.
2025-01-17 17:20:31.610 | INFO     | __main__:main:114 - I just tried a movie! It was amazing.
2025-01-17 17:20:34.612 | INFO     | __main__:main:114 - I just cook a story! It was amazing.
2025-01-17 17:20:37.613 | INFO     | __main__:main:114 - I just saw a plan! It was weird.
2025-01-17 17:20:40.615 | INFO     | __main__:main:114 - I just cook a trick! It was funny.
2025-01-17 17:20:43.616 | INFO     | __main__:main:114 - I just laugh a story! It was funny.
2025-01-17 17:20:46.617 | INFO     | __main__:main:114 - I just shared a plan! It was exciting.
2025-01-17 17:20:49.619 | INFO     | __main__:main:114 - I just listen a sport! It was amazing.
2025-01-17 17:20:52.621 | INFO     | __main__:main:114 - I just tried a story! It was boring.
2025-01-17 17:20:55.622 | INFO     | __main__:main:114 - I just loved a meme! It was crazy.
2025-01-17 17:20:58.624 | INFO     | __main__:main:114 - I just shared a sport! It was weird.
2025-01-17 17:21:01.625 | INFO     | __main__:main:114 - I just saw an app! It was exciting.
2025-01-17 17:21:04.626 | INFO     | __main__:main:114 - I just laugh a meme! It was crazy.
2025-01-17 17:21:07.629 | INFO     | __main__:main:114 - I just cook a sport! It was crazy.
2025-01-17 17:21:10.631 | INFO     | __main__:main:114 - I just loved a movie! It was exciting.
2025-01-17 17:21:13.632 | INFO     | __main__:main:114 - I just found a trick! It was funny.
2025-01-17 17:21:16.633 | INFO     | __main__:main:114 - I just cook a story! It was weird.
2025-01-17 17:21:19.634 | INFO     | __main__:main:114 - I just found a sport! It was scary.
2025-01-17 17:21:22.636 | INFO     | __main__:main:114 - I just tried an app! It was scary.
2025-01-17 17:21:25.638 | INFO     | __main__:main:114 - I just tried a meme! It was crazy.
2025-01-17 17:21:28.639 | INFO     | __main__:main:114 - I just laugh an app! It was crazy.
2025-01-17 17:21:31.641 | INFO     | __main__:main:114 - I just loved an app! It was weird.
2025-01-17 17:21:34.641 | INFO     | __main__:main:114 - I just shared a game! It was scary.
2025-01-17 17:21:37.643 | INFO     | __main__:main:114 - I just shared an app! It was boring.
2025-01-17 17:21:40.643 | INFO     | __main__:main:114 - I just saw an app! It was amazing.
2025-01-17 17:21:43.645 | INFO     | __main__:main:114 - I just laugh a story! It was scary.
2025-01-17 17:21:46.646 | INFO     | __main__:main:114 - I just loved a game! It was scary.
2025-01-17 17:21:49.648 | INFO     | __main__:main:114 - I just shared a meme! It was amazing.
2025-01-17 17:21:52.650 | INFO     | __main__:main:114 - I just shared a sport! It was amazing.
2025-01-17 17:21:55.651 | INFO     | __main__:main:114 - I just tried a meme! It was boring.
2025-01-17 17:21:58.653 | INFO     | __main__:main:114 - I just found a movie! It was amazing.
2025-01-17 17:22:01.654 | INFO     | __main__:main:114 - I just found a plan! It was exciting.
2025-01-17 17:22:04.656 | INFO     | __main__:main:114 - I just saw a sport! It was scary.
2025-01-17 17:22:07.658 | INFO     | __main__:main:114 - I just tried an app! It was funny.
2025-01-17 17:22:10.660 | INFO     | __main__:main:114 - I just tried a trick! It was funny.
2025-01-17 17:22:13.662 | INFO     | __main__:main:114 - I just shared a story! It was weird.
2025-01-17 17:22:16.663 | INFO     | __main__:main:114 - I just found a movie! It was crazy.
2025-01-17 17:22:19.665 | INFO     | __main__:main:114 - I just laugh a movie! It was amazing.
2025-01-17 17:22:22.668 | INFO     | __main__:main:114 - I just found a meme! It was crazy.
2025-01-17 17:22:25.670 | INFO     | __main__:main:114 - I just listen a meme! It was weird.
2025-01-17 17:22:28.671 | INFO     | __main__:main:114 - I just tried a game! It was exciting.
2025-01-17 17:22:31.674 | INFO     | __main__:main:114 - I just laugh a game! It was amazing.
2025-01-17 17:22:34.676 | INFO     | __main__:main:114 - I just listen a meme! It was scary.
2025-01-17 17:22:37.678 | INFO     | __main__:main:114 - I just tried a story! It was scary.
2025-01-17 17:22:40.680 | INFO     | __main__:main:114 - I just listen a sport! It was exciting.
2025-01-17 17:22:43.682 | INFO     | __main__:main:114 - I just loved an app! It was scary.
2025-01-17 17:22:46.683 | INFO     | __main__:main:114 - I just tried a plan! It was scary.
2025-01-17 17:22:49.685 | INFO     | __main__:main:114 - I just loved a story! It was weird.
2025-01-17 17:22:52.688 | INFO     | __main__:main:114 - I just cook a game! It was funny.
2025-01-17 17:22:55.689 | INFO     | __main__:main:114 - I just listen a movie! It was crazy.
2025-01-17 17:22:58.691 | INFO     | __main__:main:114 - I just saw a meme! It was boring.
2025-01-17 17:23:01.692 | INFO     | __main__:main:114 - I just saw a plan! It was crazy.
2025-01-17 17:23:04.694 | INFO     | __main__:main:114 - I just listen a sport! It was amazing.
2025-01-17 17:23:07.696 | INFO     | __main__:main:114 - I just laugh a meme! It was exciting.
2025-01-17 17:23:10.699 | INFO     | __main__:main:114 - I just saw a game! It was funny.
2025-01-17 17:23:13.701 | INFO     | __main__:main:114 - I just tried a movie! It was exciting.
2025-01-17 17:23:16.703 | INFO     | __main__:main:114 - I just saw an app! It was weird.
2025-01-17 17:23:19.705 | INFO     | __main__:main:114 - I just found a trick! It was amazing.
2025-01-17 17:23:22.707 | INFO     | __main__:main:114 - I just shared a plan! It was exciting.
2025-01-17 17:23:25.709 | INFO     | __main__:main:114 - I just loved a game! It was weird.
2025-01-17 17:23:28.711 | INFO     | __main__:main:114 - I just shared a trick! It was weird.
2025-01-17 17:23:31.712 | INFO     | __main__:main:114 - I just tried a sport! It was exciting.
2025-01-17 17:23:34.715 | INFO     | __main__:main:114 - I just listen a meme! It was crazy.
2025-01-17 17:23:37.716 | INFO     | __main__:main:114 - I just loved a sport! It was boring.
2025-01-17 17:23:40.718 | INFO     | __main__:main:114 - I just loved an app! It was crazy.
2025-01-17 17:23:43.719 | INFO     | __main__:main:114 - I just saw a sport! It was boring.
2025-01-17 17:23:46.721 | INFO     | __main__:main:114 - I just laugh a movie! It was funny.
2025-01-17 17:23:49.723 | INFO     | __main__:main:114 - I just loved a meme! It was weird.
